<?xml version="1.0" encoding="UTF-8"?>
<testExecutions version="1">
  <file path="/Users/santosh/Documents/workspace/github/multi-factor-authentication/backend/tests/unit-tests/components/system-status/SystemStatusController.spec.ts">
    <testCase name="System Status Controller test getError method" duration="1"/>
    <testCase name="System Status Controller test getSystemInfo method" duration="3"/>
    <testCase name="System Status Controller test getServerTime method" duration="0"/>
    <testCase name="System Status Controller test getResourceUsage method" duration="1"/>
    <testCase name="System Status Controller test getProcessInfo method" duration="0"/>
  </file>
  <file path="/Users/santosh/Documents/workspace/github/multi-factor-authentication/backend/tests/unit-tests/middleware/error-handler.spec.ts">
    <testCase name="ErrorHandler middleware with 0 status code" duration="3"/>
    <testCase name="ErrorHandler middleware with 200 status code" duration="0"/>
    <testCase name="ErrorHandler middleware with 200 status code" duration="1"/>
    <testCase name="ErrorHandler middleware with 200 status code and updated env variables" duration="0"/>
  </file>
  <file path="/Users/santosh/Documents/workspace/github/multi-factor-authentication/backend/tests/unit-tests/lib/logger.spec.ts">
    <testCase name="Logger Lib should create a new log directory if one doesn&apos;t already exist" duration="2"/>
  </file>
</testExecutions>