<?xml version="1.0" encoding="UTF-8"?>
<testExecutions version="1">
  <file path="/Users/santosh/Documents/workspace/github/multi-factor-authentication/backend/tests/unit-tests/lib/crypto.spec.ts">
    <testCase name="Crypto Lib (Encryption/Decryption) Testing for text" duration="3"/>
    <testCase name="Crypto Lib (Encryption/Decryption) Testing for array" duration="0"/>
    <testCase name="Crypto Lib (Encryption/Decryption) Testing for object" duration="0"/>
  </file>
  <file path="/Users/santosh/Documents/workspace/github/multi-factor-authentication/backend/tests/unit-tests/utils/index.spec.ts">
    <testCase name="getEncryptedText should return input if encryption is not enabled" duration="3"/>
    <testCase name="getEncryptedText should return input if secret key is not provided" duration="0"/>
    <testCase name="getEncryptedText should return encrypted input if encryption is enabled and secret key is provided" duration="1"/>
    <testCase name="getEncryptedText should return encrypted string if input is already a string" duration="1"/>
  </file>
  <file path="/Users/santosh/Documents/workspace/github/multi-factor-authentication/backend/tests/unit-tests/components/SystemStatusController.spec.ts">
    <testCase name="System Status Controller test getError method" duration="2"/>
    <testCase name="System Status Controller test getSystemInfo method" duration="3"/>
    <testCase name="System Status Controller test getSystemInfo method with updated env variables" duration="1"/>
    <testCase name="System Status Controller test getSystemInfo method with exception" duration="0"/>
    <testCase name="System Status Controller test getServerTime method" duration="1"/>
    <testCase name="System Status Controller test getServerTime method with exception" duration="0"/>
    <testCase name="System Status Controller test getResourceUsage method" duration="0"/>
    <testCase name="System Status Controller test getResourceUsage method with exception" duration="1"/>
    <testCase name="System Status Controller test getProcessInfo method" duration="0"/>
    <testCase name="System Status Controller test getProcessInfo method with exception" duration="0"/>
  </file>
  <file path="/Users/santosh/Documents/workspace/github/multi-factor-authentication/backend/tests/unit-tests/middleware/error-handler.spec.ts">
    <testCase name="ErrorHandler middleware with 0 status code" duration="3"/>
    <testCase name="ErrorHandler middleware with 200 status code" duration="0"/>
    <testCase name="ErrorHandler middleware with 200 status code" duration="0"/>
    <testCase name="ErrorHandler middleware with 200 status code and updated env variables" duration="1"/>
  </file>
</testExecutions>